[2022-03-07 20:19:44] Текст ошибки: фАЙЛ НЕ БЫЛ НАЙДЕН | Файл: C:\OpenServer\domains\testing\public\index.php | Строка: 11
=================
[2022-03-07 20:20:07] Текст ошибки: фАЙЛ НЕ БЫЛ НАЙДЕН | Файл: C:\OpenServer\domains\testing\public\index.php | Строка: 11
=================
[2022-03-07 21:12:11] Текст ошибки: Страница не была найдена | Файл: C:\OpenServer\domains\testing\vendor\testing\core\Router.php | Строка: 35
=================
[2022-03-07 21:22:54] Текст ошибки: Страница не была найдена | Файл: C:\OpenServer\domains\testing\vendor\testing\core\Router.php | Строка: 36
=================
[2022-03-07 21:23:07] Текст ошибки: Страница не была найдена | Файл: C:\OpenServer\domains\testing\vendor\testing\core\Router.php | Строка: 36
=================
[2022-03-07 21:37:13] Текст ошибки: Страница не была найдена | Файл: C:\OpenServer\domains\testing\vendor\testing\core\Router.php | Строка: 36
=================
[2022-03-07 21:37:20] Текст ошибки: Страница не была найдена | Файл: C:\OpenServer\domains\testing\vendor\testing\core\Router.php | Строка: 36
=================
[2022-03-07 21:37:22] Текст ошибки: Страница не была найдена | Файл: C:\OpenServer\domains\testing\vendor\testing\core\Router.php | Строка: 36
=================
[2022-03-07 21:37:23] Текст ошибки: Страница не была найдена | Файл: C:\OpenServer\domains\testing\vendor\testing\core\Router.php | Строка: 36
=================
[2022-03-07 21:37:23] Текст ошибки: Страница не была найдена | Файл: C:\OpenServer\domains\testing\vendor\testing\core\Router.php | Строка: 36
=================
[2022-03-07 21:37:24] Текст ошибки: Страница не была найдена | Файл: C:\OpenServer\domains\testing\vendor\testing\core\Router.php | Строка: 36
=================
[2022-03-07 21:37:24] Текст ошибки: Страница не была найдена | Файл: C:\OpenServer\domains\testing\vendor\testing\core\Router.php | Строка: 36
=================
[2022-03-07 21:37:24] Текст ошибки: Страница не была найдена | Файл: C:\OpenServer\domains\testing\vendor\testing\core\Router.php | Строка: 36
=================
[2022-03-07 21:37:24] Текст ошибки: Страница не была найдена | Файл: C:\OpenServer\domains\testing\vendor\testing\core\Router.php | Строка: 36
=================
[2022-03-07 21:42:54] Текст ошибки: Файл не был найден | Файл: C:\OpenServer\domains\testing\vendor\testing\core\Router.php | Строка: 35
=================
[2022-03-07 21:56:51] Текст ошибки: Страница не найдена | Файл: C:\OpenServer\domains\testing\vendor\testing\core\Router.php | Строка: 39
=================
[2022-03-08 15:04:48] Текст ошибки: Страница не найдена | Файл: C:\OpenServer\domains\testing\vendor\testing\core\Router.php | Строка: 39
=================
[2022-03-08 15:05:16] Текст ошибки: Контроллер app\controllers\MainController не найден | Файл: C:\OpenServer\domains\testing\vendor\testing\core\Router.php | Строка: 36
=================
[2022-03-08 15:05:33] Текст ошибки: Контроллер app\controllers\HomeController не найден | Файл: C:\OpenServer\domains\testing\vendor\testing\core\Router.php | Строка: 36
=================
[2022-03-08 15:35:10] Текст ошибки: Class 'testing\base\View' not found | Файл: C:\OpenServer\domains\testing\vendor\testing\core\base\Controller.php | Строка: 29
=================
[2022-03-08 15:36:08] Текст ошибки: На найден шаблон  | Файл: C:\OpenServer\domains\testing\vendor\testing\core\base\View.php | Строка: 50
=================
[2022-03-08 15:36:52] Текст ошибки: На найден шаблон  | Файл: C:\OpenServer\domains\testing\vendor\testing\core\base\View.php | Строка: 50
=================
[2022-03-08 15:36:58] Текст ошибки: На найден шаблон  | Файл: C:\OpenServer\domains\testing\vendor\testing\core\base\View.php | Строка: 50
=================
[2022-03-08 15:37:00] Текст ошибки: На найден шаблон  | Файл: C:\OpenServer\domains\testing\vendor\testing\core\base\View.php | Строка: 50
=================
[2022-03-08 15:37:01] Текст ошибки: На найден шаблон  | Файл: C:\OpenServer\domains\testing\vendor\testing\core\base\View.php | Строка: 50
=================
[2022-03-08 15:38:25] Текст ошибки: На найден шаблон default | Файл: C:\OpenServer\domains\testing\vendor\testing\core\base\View.php | Строка: 50
=================
[2022-03-08 15:38:27] Текст ошибки: На найден шаблон default | Файл: C:\OpenServer\domains\testing\vendor\testing\core\base\View.php | Строка: 50
=================
